[2026-04-28 11:49:09 EDT] Pushed monitor_log.csv to origin/main.
[2026-04-28 12:02:09 EDT] Pushed monitor_log.csv to origin/main.
[2026-04-28 12:32:09 EDT] Pushed monitor_log.csv to origin/main.
[2026-04-28 13:02:09 EDT] Pushed monitor_log.csv to origin/main.
[2026-04-28 13:32:10 EDT] Pushed monitor_log.csv to origin/main.
[2026-04-28 14:02:10 EDT] Pushed monitor_log.csv to origin/main.
[2026-04-28 14:32:09 EDT] Pushed monitor_log.csv to origin/main.
[2026-04-28 15:02:09 EDT] Pushed monitor_log.csv to origin/main.
[2026-04-28 15:32:10 EDT] Pushed monitor_log.csv to origin/main.
[2026-04-29 09:32:03 EDT] Pushed monitor_log.csv to origin/main.
[2026-04-29 10:02:03 EDT] Pushed monitor_log.csv to origin/main.
[2026-04-29 10:32:04 EDT] Pushed monitor_log.csv to origin/main.
[2026-04-29 11:02:04 EDT] Pushed monitor_log.csv to origin/main.
[2026-04-29 11:32:04 EDT] Pushed monitor_log.csv to origin/main.
[2026-04-29 12:02:04 EDT] Pushed monitor_log.csv to origin/main.
[2026-04-29 12:32:04 EDT] Pushed monitor_log.csv to origin/main.
[2026-04-29 13:02:04 EDT] Pushed monitor_log.csv to origin/main.
[2026-04-29 13:32:05 EDT] Pushed monitor_log.csv to origin/main.
[2026-04-29 14:02:05 EDT] Pushed monitor_log.csv to origin/main.
[2026-04-29 14:32:05 EDT] Pushed monitor_log.csv to origin/main.
[2026-04-29 15:02:06 EDT] Pushed monitor_log.csv to origin/main.
[2026-04-29 15:32:06 EDT] Pushed monitor_log.csv to origin/main.
[2026-04-29 16:02:06 EDT] Pushed monitor_log.csv to origin/main.
[2026-04-30 09:32:03 EDT] Pushed monitor_log.csv to origin/main.
[2026-04-30 10:02:03 EDT] Pushed monitor_log.csv to origin/main.
[2026-04-30 10:32:04 EDT] Pushed monitor_log.csv to origin/main.
[2026-04-30 11:02:04 EDT] Pushed monitor_log.csv to origin/main.
[2026-04-30 11:32:04 EDT] Pushed monitor_log.csv to origin/main.
[2026-04-30 12:02:04 EDT] Pushed monitor_log.csv to origin/main.
[2026-04-30 12:32:04 EDT] Pushed monitor_log.csv to origin/main.
[2026-04-30 13:02:05 EDT] Pushed monitor_log.csv to origin/main.
[2026-04-30 13:32:05 EDT] Pushed monitor_log.csv to origin/main.
[2026-04-30 14:02:05 EDT] Pushed monitor_log.csv to origin/main.
[2026-04-30 14:32:05 EDT] Pushed monitor_log.csv to origin/main.
[2026-04-30 15:02:06 EDT] Pushed monitor_log.csv to origin/main.
[2026-04-30 15:32:06 EDT] Pushed monitor_log.csv to origin/main.
[2026-04-30 16:02:06 EDT] Pushed monitor_log.csv to origin/main.
[2026-05-01 09:32:05 EDT] Pushed monitor_log.csv to origin/main.
[2026-05-01 10:02:05 EDT] Pushed monitor_log.csv to origin/main.
[2026-05-01 10:32:06 EDT] Pushed monitor_log.csv to origin/main.
[2026-05-01 11:02:06 EDT] Pushed monitor_log.csv to origin/main.
[2026-05-01 11:32:06 EDT] Pushed monitor_log.csv to origin/main.
[2026-05-01 12:02:06 EDT] Pushed monitor_log.csv to origin/main.
[2026-05-01 12:32:07 EDT] Pushed monitor_log.csv to origin/main.
[2026-05-01 13:02:07 EDT] Pushed monitor_log.csv to origin/main.
[2026-05-01 13:32:07 EDT] Pushed monitor_log.csv to origin/main.
[2026-05-01 14:02:07 EDT] Pushed monitor_log.csv to origin/main.
[2026-05-01 14:32:08 EDT] Pushed monitor_log.csv to origin/main.
[2026-05-01 15:02:08 EDT] Pushed monitor_log.csv to origin/main.
[2026-05-01 15:32:08 EDT] Pushed monitor_log.csv to origin/main.
[2026-05-01 16:02:08 EDT] Pushed monitor_log.csv to origin/main.
[2026-05-04 09:32:20 EDT] Pushed monitor_log.csv to origin/main.
[2026-05-04 10:02:20 EDT] Pushed monitor_log.csv to origin/main.
[2026-05-04 10:32:25 EDT] Pushed monitor_log.csv to origin/main.
[2026-05-04 11:03:06 EDT] Pushed monitor_log.csv to origin/main.
[2026-05-04 11:32:21 EDT] Pushed monitor_log.csv to origin/main.
[2026-05-04 12:02:22 EDT] Pushed monitor_log.csv to origin/main.
[2026-05-04 12:32:21 EDT] Pushed monitor_log.csv to origin/main.
[2026-05-04 13:02:21 EDT] Pushed monitor_log.csv to origin/main.
[2026-05-04 13:32:22 EDT] Pushed monitor_log.csv to origin/main.
[2026-05-04 14:02:22 EDT] Pushed monitor_log.csv to origin/main.
[2026-05-04 14:32:22 EDT] Pushed monitor_log.csv to origin/main.
[2026-05-04 15:02:22 EDT] Pushed monitor_log.csv to origin/main.
[2026-05-04 15:32:23 EDT] Pushed monitor_log.csv to origin/main.
[2026-05-04 16:02:23 EDT] Pushed monitor_log.csv to origin/main.
[2026-05-05 09:32:03 EDT] Pushed monitor_log.csv to origin/main.
[2026-05-05 10:02:03 EDT] Pushed monitor_log.csv to origin/main.
[2026-05-05 10:32:04 EDT] Pushed monitor_log.csv to origin/main.
[2026-05-05 11:02:04 EDT] Pushed monitor_log.csv to origin/main.
[2026-05-05 11:32:04 EDT] Pushed monitor_log.csv to origin/main.
[2026-05-05 12:02:04 EDT] Pushed monitor_log.csv to origin/main.
[2026-05-05 12:32:05 EDT] Pushed monitor_log.csv to origin/main.
[2026-05-05 13:02:05 EDT] Pushed monitor_log.csv to origin/main.
[2026-05-05 13:32:05 EDT] Pushed monitor_log.csv to origin/main.
[2026-05-05 14:02:05 EDT] Pushed monitor_log.csv to origin/main.
[2026-05-05 14:32:06 EDT] Pushed monitor_log.csv to origin/main.
[2026-05-05 15:02:06 EDT] Pushed monitor_log.csv to origin/main.
[2026-05-05 15:32:06 EDT] Pushed monitor_log.csv to origin/main.
[2026-05-05 16:02:07 EDT] Pushed monitor_log.csv to origin/main.
[2026-05-06 09:32:03 EDT] Pushed monitor_log.csv to origin/main.
[2026-05-06 10:02:04 EDT] Pushed monitor_log.csv to origin/main.
[2026-05-06 10:32:04 EDT] Pushed monitor_log.csv to origin/main.
[2026-05-06 11:02:04 EDT] Pushed monitor_log.csv to origin/main.
[2026-05-06 11:32:05 EDT] Pushed monitor_log.csv to origin/main.
[2026-05-06 12:02:05 EDT] Pushed monitor_log.csv to origin/main.
[2026-05-06 12:32:05 EDT] Pushed monitor_log.csv to origin/main.
[2026-05-06 13:02:05 EDT] Pushed monitor_log.csv to origin/main.
[2026-05-06 13:32:06 EDT] Pushed monitor_log.csv to origin/main.
[2026-05-06 14:02:06 EDT] Pushed monitor_log.csv to origin/main.
[2026-05-06 14:32:06 EDT] Pushed monitor_log.csv to origin/main.
[2026-05-06 15:02:05 EDT] Pushed monitor_log.csv to origin/main.
[2026-05-06 15:32:06 EDT] Pushed monitor_log.csv to origin/main.
[2026-05-06 16:02:06 EDT] Pushed monitor_log.csv to origin/main.
[2026-05-07 09:32:03 EDT] Pushed monitor_log.csv to origin/main.
[2026-05-07 10:02:04 EDT] Pushed monitor_log.csv to origin/main.
[2026-05-07 10:32:04 EDT] Pushed monitor_log.csv to origin/main.
[2026-05-07 11:02:04 EDT] Pushed monitor_log.csv to origin/main.
[2026-05-07 11:32:04 EDT] Pushed monitor_log.csv to origin/main.
[2026-05-07 12:02:04 EDT] Pushed monitor_log.csv to origin/main.
[2026-05-07 12:32:04 EDT] Pushed monitor_log.csv to origin/main.
[2026-05-07 13:02:05 EDT] Pushed monitor_log.csv to origin/main.
[2026-05-07 13:32:05 EDT] Pushed monitor_log.csv to origin/main.
[2026-05-07 14:02:05 EDT] Pushed monitor_log.csv to origin/main.
[2026-05-07 14:32:05 EDT] Pushed monitor_log.csv to origin/main.
[2026-05-07 15:02:06 EDT] Pushed monitor_log.csv to origin/main.
[2026-05-07 15:32:06 EDT] Pushed monitor_log.csv to origin/main.
[2026-05-07 16:02:06 EDT] Pushed monitor_log.csv to origin/main.
[2026-05-08 09:32:03 EDT] Pushed monitor_log.csv to origin/main.
[2026-05-08 10:02:04 EDT] Pushed monitor_log.csv to origin/main.
[2026-05-08 10:32:04 EDT] Pushed monitor_log.csv to origin/main.
[2026-05-08 11:02:04 EDT] Pushed monitor_log.csv to origin/main.
[2026-05-08 11:32:04 EDT] Pushed monitor_log.csv to origin/main.
[2026-05-08 12:02:04 EDT] Pushed monitor_log.csv to origin/main.
[2026-05-08 12:32:05 EDT] Pushed monitor_log.csv to origin/main.
[2026-05-08 13:02:05 EDT] Pushed monitor_log.csv to origin/main.
[2026-05-08 13:32:05 EDT] Pushed monitor_log.csv to origin/main.
[2026-05-08 14:02:05 EDT] Pushed monitor_log.csv to origin/main.
[2026-05-08 14:32:06 EDT] Pushed monitor_log.csv to origin/main.
[2026-05-08 15:02:06 EDT] Pushed monitor_log.csv to origin/main.
[2026-05-08 15:32:07 EDT] Pushed monitor_log.csv to origin/main.
[2026-05-08 16:02:06 EDT] Pushed monitor_log.csv to origin/main.
[2026-05-11 09:32:15 EDT] Pushed monitor_log.csv to origin/main.
[2026-05-11 10:02:14 EDT] Pushed monitor_log.csv to origin/main.
[2026-05-11 10:32:14 EDT] Pushed monitor_log.csv to origin/main.
[2026-05-11 11:02:14 EDT] Pushed monitor_log.csv to origin/main.
[2026-05-11 11:32:14 EDT] Pushed monitor_log.csv to origin/main.
[2026-05-11 12:02:19 EDT] Pushed monitor_log.csv to origin/main.
[2026-05-11 12:32:19 EDT] Pushed monitor_log.csv to origin/main.
[2026-05-11 13:02:19 EDT] Pushed monitor_log.csv to origin/main.
[2026-05-11 13:32:19 EDT] Pushed monitor_log.csv to origin/main.
[2026-05-11 14:02:19 EDT] Pushed monitor_log.csv to origin/main.
[2026-05-11 14:32:20 EDT] Pushed monitor_log.csv to origin/main.
[2026-05-11 15:02:20 EDT] Pushed monitor_log.csv to origin/main.
[2026-05-11 15:32:20 EDT] Pushed monitor_log.csv to origin/main.
[2026-05-11 16:02:20 EDT] Pushed monitor_log.csv to origin/main.
[2026-05-12 09:32:05 EDT] Pushed monitor_log.csv to origin/main.
[2026-05-12 10:02:04 EDT] Pushed monitor_log.csv to origin/main.
[2026-05-12 10:32:05 EDT] Pushed monitor_log.csv to origin/main.
[2026-05-12 11:02:05 EDT] Pushed monitor_log.csv to origin/main.
[2026-05-12 11:32:05 EDT] Pushed monitor_log.csv to origin/main.
[2026-05-12 12:02:05 EDT] Pushed monitor_log.csv to origin/main.
[2026-05-12 12:32:04 EDT] Pushed monitor_log.csv to origin/main.
[2026-05-12 13:02:04 EDT] Pushed monitor_log.csv to origin/main.
[2026-05-12 13:32:05 EDT] Pushed monitor_log.csv to origin/main.
[2026-05-12 14:02:05 EDT] Pushed monitor_log.csv to origin/main.
[2026-05-12 14:32:05 EDT] Pushed monitor_log.csv to origin/main.
[2026-05-12 15:02:06 EDT] Pushed monitor_log.csv to origin/main.
[2026-05-12 15:32:06 EDT] Pushed monitor_log.csv to origin/main.
[2026-05-12 16:02:06 EDT] Pushed monitor_log.csv to origin/main.
[2026-05-13 09:32:06 EDT] Pushed monitor_log.csv to origin/main.
[2026-05-13 10:02:06 EDT] Pushed monitor_log.csv to origin/main.
[2026-05-13 10:32:06 EDT] Pushed monitor_log.csv to origin/main.
[2026-05-13 11:02:06 EDT] Pushed monitor_log.csv to origin/main.
[2026-05-13 11:32:07 EDT] Pushed monitor_log.csv to origin/main.
[2026-05-13 12:02:07 EDT] Pushed monitor_log.csv to origin/main.
[2026-05-13 12:32:07 EDT] Pushed monitor_log.csv to origin/main.
[2026-05-13 13:02:08 EDT] Pushed monitor_log.csv to origin/main.
[2026-05-13 13:32:08 EDT] Pushed monitor_log.csv to origin/main.
[2026-05-13 14:02:09 EDT] Pushed monitor_log.csv to origin/main.
[2026-05-13 14:32:09 EDT] Pushed monitor_log.csv to origin/main.
[2026-05-13 15:02:09 EDT] Pushed monitor_log.csv to origin/main.
[2026-05-13 15:32:09 EDT] Pushed monitor_log.csv to origin/main.
[2026-05-13 16:02:10 EDT] Pushed monitor_log.csv to origin/main.
[2026-05-14 09:32:18 EDT] Git sync failed: fatal: Unable to persist credentials with the 'wincredman' credential store.
See https://aka.ms/gcm/credstores for more information.
bash: line 1: /dev/tty: No such device or address
error: failed to execute prompt script (exit code 1)
fatal: could not read Username for 'https://github.com': No such file or directory
[2026-05-14 10:02:19 EDT] Git sync failed: fatal: Unable to persist credentials with the 'wincredman' credential store.
See https://aka.ms/gcm/credstores for more information.
bash: line 1: /dev/tty: No such device or address
error: failed to execute prompt script (exit code 1)
fatal: could not read Username for 'https://github.com': No such file or directory
[2026-05-14 10:32:19 EDT] Git sync failed: fatal: Unable to persist credentials with the 'wincredman' credential store.
See https://aka.ms/gcm/credstores for more information.
bash: line 1: /dev/tty: No such device or address
error: failed to execute prompt script (exit code 1)
fatal: could not read Username for 'https://github.com': No such file or directory
[2026-05-14 11:02:19 EDT] Git sync failed: fatal: Unable to persist credentials with the 'wincredman' credential store.
See https://aka.ms/gcm/credstores for more information.
bash: line 1: /dev/tty: No such device or address
error: failed to execute prompt script (exit code 1)
fatal: could not read Username for 'https://github.com': No such file or directory
[2026-05-14 11:32:19 EDT] Git sync failed: fatal: Unable to persist credentials with the 'wincredman' credential store.
See https://aka.ms/gcm/credstores for more information.
bash: line 1: /dev/tty: No such device or address
error: failed to execute prompt script (exit code 1)
fatal: could not read Username for 'https://github.com': No such file or directory
[2026-05-14 12:02:21 EDT] Pushed monitor_log.csv to origin/main.
[2026-05-14 12:32:21 EDT] Pushed monitor_log.csv to origin/main.
[2026-05-14 13:02:22 EDT] Pushed monitor_log.csv to origin/main.
[2026-05-14 13:32:22 EDT] Pushed monitor_log.csv to origin/main.
[2026-05-14 14:02:22 EDT] Pushed monitor_log.csv to origin/main.
[2026-05-14 14:32:23 EDT] Pushed monitor_log.csv to origin/main.
[2026-05-14 15:02:23 EDT] Pushed monitor_log.csv to origin/main.
[2026-05-14 15:32:24 EDT] Pushed monitor_log.csv to origin/main.
[2026-05-14 16:02:24 EDT] Pushed monitor_log.csv to origin/main.
[2026-05-15 09:32:04 EDT] Pushed monitor_log.csv to origin/main.
[2026-05-15 10:02:05 EDT] Pushed monitor_log.csv to origin/main.
[2026-05-15 10:32:05 EDT] Pushed monitor_log.csv to origin/main.
[2026-05-15 11:02:06 EDT] Pushed monitor_log.csv to origin/main.
[2026-05-15 11:32:06 EDT] Pushed monitor_log.csv to origin/main.
[2026-05-15 12:02:06 EDT] Pushed monitor_log.csv to origin/main.
[2026-05-15 12:32:06 EDT] Pushed monitor_log.csv to origin/main.
[2026-05-15 13:02:07 EDT] Pushed monitor_log.csv to origin/main.
[2026-05-15 13:32:07 EDT] Pushed monitor_log.csv to origin/main.
[2026-05-15 14:02:07 EDT] Pushed monitor_log.csv to origin/main.
[2026-05-15 14:32:08 EDT] Pushed monitor_log.csv to origin/main.
[2026-05-15 15:02:08 EDT] Pushed monitor_log.csv to origin/main.
[2026-05-15 15:32:08 EDT] Pushed monitor_log.csv to origin/main.
[2026-05-15 16:02:09 EDT] Pushed monitor_log.csv to origin/main.
[2026-05-18 09:32:08 EDT] Pushed monitor_log.csv to origin/main.
[2026-05-18 10:02:08 EDT] Pushed monitor_log.csv to origin/main.
[2026-05-18 10:32:09 EDT] Pushed monitor_log.csv to origin/main.
[2026-05-18 11:02:09 EDT] Pushed monitor_log.csv to origin/main.
[2026-05-18 11:32:10 EDT] Pushed monitor_log.csv to origin/main.
[2026-05-18 12:02:10 EDT] Pushed monitor_log.csv to origin/main.
[2026-05-18 12:32:10 EDT] Pushed monitor_log.csv to origin/main.
[2026-05-18 13:02:10 EDT] Pushed monitor_log.csv to origin/main.
[2026-05-18 13:32:11 EDT] Pushed monitor_log.csv to origin/main.
[2026-05-18 14:02:11 EDT] Pushed monitor_log.csv to origin/main.
[2026-05-18 14:32:11 EDT] Pushed monitor_log.csv to origin/main.
[2026-05-18 15:02:12 EDT] Pushed monitor_log.csv to origin/main.
[2026-05-18 15:32:12 EDT] Pushed monitor_log.csv to origin/main.
[2026-05-18 16:02:13 EDT] Pushed monitor_log.csv to origin/main.
[2026-05-19 09:32:04 EDT] Pushed monitor_log.csv to origin/main.
[2026-05-19 10:02:05 EDT] Pushed monitor_log.csv to origin/main.
[2026-05-19 10:32:05 EDT] Pushed monitor_log.csv to origin/main.
[2026-05-19 11:02:05 EDT] Pushed monitor_log.csv to origin/main.
[2026-05-19 11:32:05 EDT] Pushed monitor_log.csv to origin/main.
[2026-05-19 12:02:06 EDT] Pushed monitor_log.csv to origin/main.
[2026-05-19 12:32:06 EDT] Pushed monitor_log.csv to origin/main.
[2026-05-19 13:02:05 EDT] Pushed monitor_log.csv to origin/main.
[2026-05-19 13:32:05 EDT] Pushed monitor_log.csv to origin/main.
[2026-05-19 14:02:06 EDT] Pushed monitor_log.csv to origin/main.
[2026-05-19 14:32:06 EDT] Pushed monitor_log.csv to origin/main.
[2026-05-19 15:02:06 EDT] Pushed monitor_log.csv to origin/main.
[2026-05-19 15:32:07 EDT] Pushed monitor_log.csv to origin/main.
[2026-05-19 16:02:07 EDT] Pushed monitor_log.csv to origin/main.
[2026-05-20 09:32:04 EDT] Pushed monitor_log.csv to origin/main.
[2026-05-20 10:02:04 EDT] Pushed monitor_log.csv to origin/main.
[2026-05-20 10:32:04 EDT] Pushed monitor_log.csv to origin/main.
[2026-05-20 11:02:05 EDT] Pushed monitor_log.csv to origin/main.
[2026-05-20 11:32:05 EDT] Pushed monitor_log.csv to origin/main.
[2026-05-20 12:02:05 EDT] Pushed monitor_log.csv to origin/main.
[2026-05-20 12:32:06 EDT] Pushed monitor_log.csv to origin/main.
[2026-05-20 13:02:06 EDT] Pushed monitor_log.csv to origin/main.
[2026-05-20 13:32:07 EDT] Pushed monitor_log.csv to origin/main.
[2026-05-20 14:02:07 EDT] Pushed monitor_log.csv to origin/main.
[2026-05-20 14:32:07 EDT] Pushed monitor_log.csv to origin/main.
[2026-05-20 15:02:07 EDT] Pushed monitor_log.csv to origin/main.
[2026-05-20 15:32:08 EDT] Pushed monitor_log.csv to origin/main.
[2026-05-20 16:02:08 EDT] Pushed monitor_log.csv to origin/main.
[2026-05-21 09:32:04 EDT] Pushed monitor_log.csv to origin/main.
[2026-05-21 10:02:04 EDT] Pushed monitor_log.csv to origin/main.
[2026-05-21 10:32:05 EDT] Pushed monitor_log.csv to origin/main.
[2026-05-21 11:02:05 EDT] Pushed monitor_log.csv to origin/main.
[2026-05-21 11:32:05 EDT] Pushed monitor_log.csv to origin/main.
[2026-05-21 12:02:05 EDT] Pushed monitor_log.csv to origin/main.
[2026-05-21 12:32:06 EDT] Pushed monitor_log.csv to origin/main.
[2026-05-21 13:02:06 EDT] Pushed monitor_log.csv to origin/main.
[2026-05-21 13:32:07 EDT] Pushed monitor_log.csv to origin/main.
[2026-05-21 14:02:07 EDT] Pushed monitor_log.csv to origin/main.
[2026-05-21 14:32:07 EDT] Pushed monitor_log.csv to origin/main.
[2026-05-21 15:02:08 EDT] Pushed monitor_log.csv to origin/main.
[2026-05-21 15:32:09 EDT] Pushed monitor_log.csv to origin/main.
[2026-05-21 16:02:09 EDT] Pushed monitor_log.csv to origin/main.
[2026-05-22 09:32:03 EDT] Pushed monitor_log.csv to origin/main.
[2026-05-22 10:02:04 EDT] Pushed monitor_log.csv to origin/main.
[2026-05-22 10:32:04 EDT] Pushed monitor_log.csv to origin/main.
[2026-05-22 11:02:04 EDT] Pushed monitor_log.csv to origin/main.
[2026-05-22 11:32:04 EDT] Pushed monitor_log.csv to origin/main.
[2026-05-22 12:02:04 EDT] Pushed monitor_log.csv to origin/main.
[2026-05-22 12:32:05 EDT] Pushed monitor_log.csv to origin/main.
[2026-05-22 13:02:05 EDT] Pushed monitor_log.csv to origin/main.
[2026-05-22 13:32:04 EDT] Pushed monitor_log.csv to origin/main.
[2026-05-22 14:02:04 EDT] Pushed monitor_log.csv to origin/main.
[2026-05-22 14:32:04 EDT] Pushed monitor_log.csv to origin/main.
[2026-05-22 15:02:05 EDT] Pushed monitor_log.csv to origin/main.
[2026-05-22 15:32:05 EDT] Pushed monitor_log.csv to origin/main.
[2026-05-22 16:02:05 EDT] Pushed monitor_log.csv to origin/main.
[2026-05-25 09:32:08 EDT] Pushed monitor_log.csv to origin/main.
[2026-05-25 10:02:07 EDT] Pushed monitor_log.csv to origin/main.
[2026-05-25 10:32:07 EDT] Pushed monitor_log.csv to origin/main.
[2026-05-25 11:02:07 EDT] Pushed monitor_log.csv to origin/main.
[2026-05-25 11:32:08 EDT] Pushed monitor_log.csv to origin/main.
[2026-05-25 12:02:07 EDT] Pushed monitor_log.csv to origin/main.
[2026-05-25 12:32:08 EDT] Pushed monitor_log.csv to origin/main.
[2026-05-25 13:02:07 EDT] Pushed monitor_log.csv to origin/main.
[2026-05-25 13:32:07 EDT] Pushed monitor_log.csv to origin/main.
[2026-05-25 14:02:07 EDT] Pushed monitor_log.csv to origin/main.
[2026-05-25 14:32:08 EDT] Pushed monitor_log.csv to origin/main.
[2026-05-25 15:02:08 EDT] Pushed monitor_log.csv to origin/main.
[2026-05-25 15:32:08 EDT] Pushed monitor_log.csv to origin/main.
[2026-05-25 16:02:08 EDT] Pushed monitor_log.csv to origin/main.
[2026-05-26 09:32:05 EDT] Pushed monitor_log.csv to origin/main.
[2026-05-26 10:02:05 EDT] Pushed monitor_log.csv to origin/main.
[2026-05-26 10:32:05 EDT] Pushed monitor_log.csv to origin/main.
[2026-05-26 11:02:06 EDT] Pushed monitor_log.csv to origin/main.
[2026-05-26 11:32:06 EDT] Pushed monitor_log.csv to origin/main.
[2026-05-26 12:02:06 EDT] Pushed monitor_log.csv to origin/main.
[2026-05-26 12:32:06 EDT] Pushed monitor_log.csv to origin/main.
[2026-05-26 13:02:07 EDT] Pushed monitor_log.csv to origin/main.
[2026-05-26 13:32:07 EDT] Pushed monitor_log.csv to origin/main.
[2026-05-26 14:02:07 EDT] Pushed monitor_log.csv to origin/main.
[2026-05-26 14:32:07 EDT] Pushed monitor_log.csv to origin/main.
[2026-05-26 15:02:07 EDT] Pushed monitor_log.csv to origin/main.
[2026-05-26 15:32:08 EDT] Pushed monitor_log.csv to origin/main.
[2026-05-26 16:02:08 EDT] Pushed monitor_log.csv to origin/main.
[2026-05-27 09:32:06 EDT] Pushed monitor_log.csv to origin/main.
[2026-05-27 10:02:06 EDT] Pushed monitor_log.csv to origin/main.
[2026-05-27 10:32:06 EDT] Pushed monitor_log.csv to origin/main.
[2026-05-27 11:02:07 EDT] Pushed monitor_log.csv to origin/main.
[2026-05-27 11:32:07 EDT] Pushed monitor_log.csv to origin/main.
[2026-05-27 12:02:07 EDT] Pushed monitor_log.csv to origin/main.
[2026-05-27 12:32:07 EDT] Pushed monitor_log.csv to origin/main.
[2026-05-27 13:02:07 EDT] Pushed monitor_log.csv to origin/main.
[2026-05-27 13:32:07 EDT] Pushed monitor_log.csv to origin/main.
[2026-05-27 14:02:08 EDT] Pushed monitor_log.csv to origin/main.
[2026-05-27 14:32:08 EDT] Pushed monitor_log.csv to origin/main.
[2026-05-27 15:02:08 EDT] Pushed monitor_log.csv to origin/main.
[2026-05-27 15:32:08 EDT] Pushed monitor_log.csv to origin/main.
[2026-05-27 16:02:09 EDT] Pushed monitor_log.csv to origin/main.
[2026-05-28 09:32:04 EDT] Pushed monitor_log.csv to origin/main.
[2026-05-28 10:02:04 EDT] Pushed monitor_log.csv to origin/main.
[2026-05-28 10:32:04 EDT] Pushed monitor_log.csv to origin/main.
[2026-05-28 11:02:04 EDT] Pushed monitor_log.csv to origin/main.
[2026-05-28 11:32:05 EDT] Pushed monitor_log.csv to origin/main.
[2026-05-28 12:02:05 EDT] Pushed monitor_log.csv to origin/main.
[2026-05-28 12:32:05 EDT] Pushed monitor_log.csv to origin/main.
[2026-05-28 13:02:04 EDT] Pushed monitor_log.csv to origin/main.
[2026-05-28 13:32:04 EDT] Pushed monitor_log.csv to origin/main.
[2026-05-28 14:02:05 EDT] Pushed monitor_log.csv to origin/main.
[2026-05-28 14:32:05 EDT] Pushed monitor_log.csv to origin/main.
[2026-05-28 15:02:05 EDT] Pushed monitor_log.csv to origin/main.
[2026-05-28 15:32:05 EDT] Pushed monitor_log.csv to origin/main.
[2026-05-28 16:02:06 EDT] Pushed monitor_log.csv to origin/main.
[2026-05-29 09:32:06 EDT] Pushed monitor_log.csv to origin/main.
[2026-05-29 10:02:06 EDT] Pushed monitor_log.csv to origin/main.
[2026-05-29 10:32:07 EDT] Pushed monitor_log.csv to origin/main.
[2026-05-29 11:02:07 EDT] Pushed monitor_log.csv to origin/main.
[2026-05-29 11:32:07 EDT] Pushed monitor_log.csv to origin/main.
[2026-05-29 12:02:07 EDT] Pushed monitor_log.csv to origin/main.
[2026-05-29 12:32:07 EDT] Pushed monitor_log.csv to origin/main.
[2026-05-29 13:02:08 EDT] Pushed monitor_log.csv to origin/main.
[2026-05-29 13:32:08 EDT] Pushed monitor_log.csv to origin/main.
[2026-05-29 14:02:08 EDT] Pushed monitor_log.csv to origin/main.
[2026-05-29 14:32:08 EDT] Pushed monitor_log.csv to origin/main.
[2026-05-29 15:02:08 EDT] Pushed monitor_log.csv to origin/main.
[2026-05-29 15:32:09 EDT] Pushed monitor_log.csv to origin/main.
[2026-05-29 16:02:09 EDT] Pushed monitor_log.csv to origin/main.
[2026-06-01 09:32:09 EDT] Pushed monitor_log.csv to origin/main.
[2026-06-01 10:02:08 EDT] Pushed monitor_log.csv to origin/main.
[2026-06-01 10:32:08 EDT] Pushed monitor_log.csv to origin/main.
[2026-06-01 11:02:09 EDT] Pushed monitor_log.csv to origin/main.
[2026-06-01 11:32:09 EDT] Pushed monitor_log.csv to origin/main.
[2026-06-01 12:02:09 EDT] Pushed monitor_log.csv to origin/main.
[2026-06-01 12:32:10 EDT] Pushed monitor_log.csv to origin/main.
[2026-06-01 13:02:10 EDT] Pushed monitor_log.csv to origin/main.
[2026-06-01 13:32:10 EDT] Pushed monitor_log.csv to origin/main.
[2026-06-01 14:02:10 EDT] Pushed monitor_log.csv to origin/main.
[2026-06-01 14:32:11 EDT] Pushed monitor_log.csv to origin/main.
[2026-06-01 15:02:11 EDT] Pushed monitor_log.csv to origin/main.
[2026-06-01 15:32:12 EDT] Pushed monitor_log.csv to origin/main.
[2026-06-01 16:02:12 EDT] Pushed monitor_log.csv to origin/main.
[2026-06-02 09:32:04 EDT] Pushed monitor_log.csv to origin/main.
[2026-06-02 10:02:04 EDT] Pushed monitor_log.csv to origin/main.
[2026-06-02 10:32:05 EDT] Pushed monitor_log.csv to origin/main.
[2026-06-02 11:02:05 EDT] Pushed monitor_log.csv to origin/main.
[2026-06-02 11:32:05 EDT] Pushed monitor_log.csv to origin/main.
[2026-06-02 12:02:06 EDT] Pushed monitor_log.csv to origin/main.
[2026-06-02 12:32:05 EDT] Pushed monitor_log.csv to origin/main.
[2026-06-02 13:02:05 EDT] Pushed monitor_log.csv to origin/main.
[2026-06-02 13:32:06 EDT] Pushed monitor_log.csv to origin/main.
[2026-06-02 14:02:06 EDT] Pushed monitor_log.csv to origin/main.
[2026-06-02 14:32:06 EDT] Pushed monitor_log.csv to origin/main.
[2026-06-02 15:02:06 EDT] Pushed monitor_log.csv to origin/main.
[2026-06-02 15:32:06 EDT] Pushed monitor_log.csv to origin/main.
[2026-06-02 16:02:07 EDT] Pushed monitor_log.csv to origin/main.
[2026-06-03 09:32:04 EDT] Pushed monitor_log.csv to origin/main.
[2026-06-03 10:02:04 EDT] Pushed monitor_log.csv to origin/main.
[2026-06-03 10:32:05 EDT] Pushed monitor_log.csv to origin/main.
[2026-06-03 11:02:05 EDT] Pushed monitor_log.csv to origin/main.
[2026-06-03 11:32:05 EDT] Pushed monitor_log.csv to origin/main.
[2026-06-03 12:02:05 EDT] Pushed monitor_log.csv to origin/main.
[2026-06-03 12:32:05 EDT] Pushed monitor_log.csv to origin/main.
[2026-06-03 13:02:05 EDT] Pushed monitor_log.csv to origin/main.
[2026-06-03 13:32:06 EDT] Pushed monitor_log.csv to origin/main.
[2026-06-03 14:02:06 EDT] Pushed monitor_log.csv to origin/main.
[2026-06-03 14:32:06 EDT] Pushed monitor_log.csv to origin/main.
[2026-06-03 15:02:06 EDT] Pushed monitor_log.csv to origin/main.
[2026-06-03 15:32:05 EDT] Pushed monitor_log.csv to origin/main.
[2026-06-03 16:02:05 EDT] Pushed monitor_log.csv to origin/main.
[2026-06-04 09:32:04 EDT] Pushed monitor_log.csv to origin/main.
[2026-06-04 10:02:04 EDT] Pushed monitor_log.csv to origin/main.
[2026-06-04 10:32:04 EDT] Pushed monitor_log.csv to origin/main.
[2026-06-04 11:02:04 EDT] Pushed monitor_log.csv to origin/main.
[2026-06-04 11:32:04 EDT] Pushed monitor_log.csv to origin/main.
[2026-06-04 12:02:05 EDT] Pushed monitor_log.csv to origin/main.
[2026-06-04 12:32:05 EDT] Pushed monitor_log.csv to origin/main.
[2026-06-04 13:02:05 EDT] Pushed monitor_log.csv to origin/main.
[2026-06-04 13:32:06 EDT] Pushed monitor_log.csv to origin/main.
[2026-06-04 14:02:06 EDT] Pushed monitor_log.csv to origin/main.
[2026-06-04 14:32:06 EDT] Pushed monitor_log.csv to origin/main.
[2026-06-04 15:02:08 EDT] Pushed monitor_log.csv to origin/main.
[2026-06-04 15:32:06 EDT] Pushed monitor_log.csv to origin/main.
[2026-06-04 16:02:07 EDT] Pushed monitor_log.csv to origin/main.
[2026-06-05 09:32:04 EDT] Pushed monitor_log.csv to origin/main.
[2026-06-05 10:02:04 EDT] Pushed monitor_log.csv to origin/main.
[2026-06-05 10:32:04 EDT] Pushed monitor_log.csv to origin/main.
[2026-06-05 11:02:05 EDT] Pushed monitor_log.csv to origin/main.
[2026-06-05 11:32:05 EDT] Pushed monitor_log.csv to origin/main.
[2026-06-05 12:02:05 EDT] Pushed monitor_log.csv to origin/main.
[2026-06-05 12:32:05 EDT] Pushed monitor_log.csv to origin/main.
[2026-06-05 13:02:06 EDT] Pushed monitor_log.csv to origin/main.
[2026-06-05 13:32:06 EDT] Pushed monitor_log.csv to origin/main.
[2026-06-05 14:02:06 EDT] Pushed monitor_log.csv to origin/main.
[2026-06-05 14:32:07 EDT] Pushed monitor_log.csv to origin/main.
[2026-06-05 15:02:07 EDT] Pushed monitor_log.csv to origin/main.
[2026-06-05 15:32:07 EDT] Pushed monitor_log.csv to origin/main.
[2026-06-05 16:02:07 EDT] Pushed monitor_log.csv to origin/main.
[2026-06-08 09:32:11 EDT] Pushed monitor_log.csv to origin/main.
[2026-06-08 10:02:10 EDT] Pushed monitor_log.csv to origin/main.
[2026-06-08 10:32:10 EDT] Pushed monitor_log.csv to origin/main.
[2026-06-08 11:02:11 EDT] Pushed monitor_log.csv to origin/main.
[2026-06-08 11:32:11 EDT] Pushed monitor_log.csv to origin/main.
[2026-06-08 12:02:11 EDT] Pushed monitor_log.csv to origin/main.
[2026-06-08 12:32:11 EDT] Pushed monitor_log.csv to origin/main.
[2026-06-08 13:02:12 EDT] Pushed monitor_log.csv to origin/main.
[2026-06-08 13:32:12 EDT] Pushed monitor_log.csv to origin/main.
[2026-06-08 14:02:12 EDT] Pushed monitor_log.csv to origin/main.
[2026-06-08 14:32:12 EDT] Pushed monitor_log.csv to origin/main.
[2026-06-08 15:02:13 EDT] Pushed monitor_log.csv to origin/main.
[2026-06-08 15:32:13 EDT] Pushed monitor_log.csv to origin/main.
[2026-06-08 16:02:13 EDT] Pushed monitor_log.csv to origin/main.
[2026-06-09 09:32:04 EDT] Pushed monitor_log.csv to origin/main.
[2026-06-09 10:02:03 EDT] Pushed monitor_log.csv to origin/main.
[2026-06-09 10:32:04 EDT] Pushed monitor_log.csv to origin/main.
[2026-06-09 11:02:04 EDT] Pushed monitor_log.csv to origin/main.
[2026-06-09 11:32:04 EDT] Pushed monitor_log.csv to origin/main.
[2026-06-09 12:02:05 EDT] Pushed monitor_log.csv to origin/main.
[2026-06-09 12:32:06 EDT] Pushed monitor_log.csv to origin/main.
[2026-06-09 13:02:06 EDT] Pushed monitor_log.csv to origin/main.
[2026-06-09 13:32:06 EDT] Pushed monitor_log.csv to origin/main.
[2026-06-09 14:02:07 EDT] Pushed monitor_log.csv to origin/main.
[2026-06-09 14:32:05 EDT] Pushed monitor_log.csv to origin/main.
[2026-06-09 15:02:06 EDT] Pushed monitor_log.csv to origin/main.
[2026-06-09 15:32:06 EDT] Pushed monitor_log.csv to origin/main.
[2026-06-09 16:02:06 EDT] Pushed monitor_log.csv to origin/main.
[2026-06-10 09:32:06 EDT] Pushed monitor_log.csv to origin/main.
[2026-06-10 10:02:06 EDT] Pushed monitor_log.csv to origin/main.
[2026-06-10 10:32:06 EDT] Pushed monitor_log.csv to origin/main.
[2026-06-10 11:02:06 EDT] Pushed monitor_log.csv to origin/main.
[2026-06-10 11:32:06 EDT] Pushed monitor_log.csv to origin/main.
[2026-06-10 12:02:07 EDT] Pushed monitor_log.csv to origin/main.
[2026-06-10 12:32:07 EDT] Pushed monitor_log.csv to origin/main.
[2026-06-10 13:02:07 EDT] Pushed monitor_log.csv to origin/main.
[2026-06-10 13:32:07 EDT] Pushed monitor_log.csv to origin/main.
[2026-06-10 14:02:07 EDT] Pushed monitor_log.csv to origin/main.
[2026-06-10 14:32:08 EDT] Pushed monitor_log.csv to origin/main.
[2026-06-10 15:02:08 EDT] Pushed monitor_log.csv to origin/main.
[2026-06-10 15:32:08 EDT] Pushed monitor_log.csv to origin/main.
[2026-06-10 16:02:08 EDT] Pushed monitor_log.csv to origin/main.
[2026-06-11 13:49:13 EDT] Pushed monitor_log.csv to origin/main.
[2026-06-11 14:02:14 EDT] Pushed monitor_log.csv to origin/main.
[2026-06-11 14:32:14 EDT] Pushed monitor_log.csv to origin/main.
[2026-06-11 15:02:14 EDT] Pushed monitor_log.csv to origin/main.
[2026-06-11 15:32:14 EDT] Pushed monitor_log.csv to origin/main.
[2026-06-11 16:02:15 EDT] Pushed monitor_log.csv to origin/main.
[2026-06-12 09:32:04 EDT] Pushed monitor_log.csv to origin/main.
[2026-06-12 10:02:04 EDT] Pushed monitor_log.csv to origin/main.
[2026-06-12 10:32:04 EDT] Pushed monitor_log.csv to origin/main.
[2026-06-12 11:02:04 EDT] Pushed monitor_log.csv to origin/main.
[2026-06-12 11:32:04 EDT] Pushed monitor_log.csv to origin/main.
[2026-06-12 12:02:05 EDT] Pushed monitor_log.csv to origin/main.
[2026-06-12 12:32:05 EDT] Pushed monitor_log.csv to origin/main.
[2026-06-12 13:02:05 EDT] Pushed monitor_log.csv to origin/main.
[2026-06-12 13:32:05 EDT] Pushed monitor_log.csv to origin/main.
[2026-06-12 14:02:06 EDT] Pushed monitor_log.csv to origin/main.
[2026-06-12 14:32:06 EDT] Pushed monitor_log.csv to origin/main.
[2026-06-12 15:02:06 EDT] Pushed monitor_log.csv to origin/main.
[2026-06-12 15:32:06 EDT] Pushed monitor_log.csv to origin/main.
[2026-06-12 16:02:06 EDT] Pushed monitor_log.csv to origin/main.
[2026-06-15 09:32:08 EDT] Pushed monitor_log.csv to origin/main.
[2026-06-15 10:02:09 EDT] Pushed monitor_log.csv to origin/main.
[2026-06-15 10:32:09 EDT] Pushed monitor_log.csv to origin/main.
[2026-06-15 11:02:09 EDT] Pushed monitor_log.csv to origin/main.
[2026-06-15 11:32:09 EDT] Pushed monitor_log.csv to origin/main.
[2026-06-15 12:02:09 EDT] Pushed monitor_log.csv to origin/main.
[2026-06-15 12:32:09 EDT] Pushed monitor_log.csv to origin/main.
[2026-06-15 13:02:10 EDT] Pushed monitor_log.csv to origin/main.
[2026-06-15 13:32:10 EDT] Pushed monitor_log.csv to origin/main.
[2026-06-15 14:02:10 EDT] Pushed monitor_log.csv to origin/main.
[2026-06-15 14:32:10 EDT] Pushed monitor_log.csv to origin/main.
[2026-06-15 15:02:11 EDT] Pushed monitor_log.csv to origin/main.
[2026-06-15 15:32:11 EDT] Pushed monitor_log.csv to origin/main.
[2026-06-15 16:02:11 EDT] Pushed monitor_log.csv to origin/main.
[2026-06-16 09:32:04 EDT] Pushed monitor_log.csv to origin/main.
[2026-06-16 10:02:04 EDT] Pushed monitor_log.csv to origin/main.
[2026-06-16 10:32:05 EDT] Pushed monitor_log.csv to origin/main.
[2026-06-16 11:02:06 EDT] Pushed monitor_log.csv to origin/main.
[2026-06-16 11:32:06 EDT] Pushed monitor_log.csv to origin/main.
[2026-06-16 12:02:06 EDT] Pushed monitor_log.csv to origin/main.
[2026-06-16 12:32:06 EDT] Pushed monitor_log.csv to origin/main.
[2026-06-16 13:02:06 EDT] Pushed monitor_log.csv to origin/main.
[2026-06-16 13:32:05 EDT] Pushed monitor_log.csv to origin/main.
[2026-06-16 14:02:07 EDT] Pushed monitor_log.csv to origin/main.
[2026-06-16 14:32:06 EDT] Pushed monitor_log.csv to origin/main.
[2026-06-16 15:02:06 EDT] Pushed monitor_log.csv to origin/main.
[2026-06-16 15:32:07 EDT] Pushed monitor_log.csv to origin/main.
[2026-06-16 16:02:07 EDT] Pushed monitor_log.csv to origin/main.
[2026-06-17 09:32:04 EDT] Pushed monitor_log.csv to origin/main.
[2026-06-17 10:02:04 EDT] Pushed monitor_log.csv to origin/main.
[2026-06-17 10:32:05 EDT] Pushed monitor_log.csv to origin/main.
[2026-06-17 11:02:06 EDT] Pushed monitor_log.csv to origin/main.
[2026-06-17 11:32:05 EDT] Pushed monitor_log.csv to origin/main.
[2026-06-17 12:02:06 EDT] Pushed monitor_log.csv to origin/main.
[2026-06-17 12:32:06 EDT] Pushed monitor_log.csv to origin/main.
[2026-06-17 13:02:07 EDT] Pushed monitor_log.csv to origin/main.
[2026-06-17 13:32:07 EDT] Pushed monitor_log.csv to origin/main.
[2026-06-17 14:02:07 EDT] Pushed monitor_log.csv to origin/main.
[2026-06-17 14:32:08 EDT] Pushed monitor_log.csv to origin/main.
[2026-06-17 15:02:08 EDT] Pushed monitor_log.csv to origin/main.
[2026-06-17 15:32:08 EDT] Pushed monitor_log.csv to origin/main.
[2026-06-17 16:02:09 EDT] Pushed monitor_log.csv to origin/main.
[2026-06-18 09:32:06 EDT] Pushed monitor_log.csv to origin/main.
[2026-06-18 10:02:05 EDT] Pushed monitor_log.csv to origin/main.
[2026-06-18 10:32:05 EDT] Pushed monitor_log.csv to origin/main.
[2026-06-18 11:02:06 EDT] Pushed monitor_log.csv to origin/main.
[2026-06-18 11:32:06 EDT] Pushed monitor_log.csv to origin/main.
[2026-06-18 12:02:06 EDT] Pushed monitor_log.csv to origin/main.
[2026-06-18 12:32:06 EDT] Pushed monitor_log.csv to origin/main.
[2026-06-18 13:02:07 EDT] Pushed monitor_log.csv to origin/main.
[2026-06-18 13:32:07 EDT] Pushed monitor_log.csv to origin/main.
[2026-06-18 14:02:07 EDT] Pushed monitor_log.csv to origin/main.
[2026-06-18 14:32:08 EDT] Pushed monitor_log.csv to origin/main.
[2026-06-18 15:02:08 EDT] Pushed monitor_log.csv to origin/main.
[2026-06-18 15:32:09 EDT] Pushed monitor_log.csv to origin/main.
[2026-06-18 16:02:09 EDT] Pushed monitor_log.csv to origin/main.
[2026-06-19 09:32:04 EDT] Pushed monitor_log.csv to origin/main.
[2026-06-19 10:02:04 EDT] Pushed monitor_log.csv to origin/main.
[2026-06-19 10:32:04 EDT] Pushed monitor_log.csv to origin/main.
[2026-06-19 11:02:04 EDT] Pushed monitor_log.csv to origin/main.
[2026-06-19 11:32:04 EDT] Pushed monitor_log.csv to origin/main.
[2026-06-19 12:02:05 EDT] Pushed monitor_log.csv to origin/main.
[2026-06-19 12:32:05 EDT] Pushed monitor_log.csv to origin/main.
[2026-06-19 13:02:05 EDT] Pushed monitor_log.csv to origin/main.
[2026-06-19 13:32:05 EDT] Pushed monitor_log.csv to origin/main.
[2026-06-19 14:02:06 EDT] Pushed monitor_log.csv to origin/main.
[2026-06-19 14:32:06 EDT] Pushed monitor_log.csv to origin/main.
[2026-06-19 15:02:06 EDT] Pushed monitor_log.csv to origin/main.
[2026-06-19 15:32:07 EDT] Pushed monitor_log.csv to origin/main.
[2026-06-19 16:02:07 EDT] Pushed monitor_log.csv to origin/main.
[2026-06-22 09:32:09 EDT] Pushed monitor_log.csv to origin/main.
[2026-06-22 10:02:11 EDT] Pushed monitor_log.csv to origin/main.
[2026-06-22 10:32:10 EDT] Pushed monitor_log.csv to origin/main.
[2026-06-22 11:02:10 EDT] Pushed monitor_log.csv to origin/main.
[2026-06-22 11:32:10 EDT] Pushed monitor_log.csv to origin/main.
[2026-06-22 12:02:10 EDT] Pushed monitor_log.csv to origin/main.
[2026-06-22 12:32:11 EDT] Pushed monitor_log.csv to origin/main.
[2026-06-22 13:02:11 EDT] Pushed monitor_log.csv to origin/main.
[2026-06-22 13:32:11 EDT] Pushed monitor_log.csv to origin/main.
[2026-06-22 14:02:11 EDT] Pushed monitor_log.csv to origin/main.
[2026-06-22 14:32:11 EDT] Pushed monitor_log.csv to origin/main.
[2026-06-22 15:02:12 EDT] Pushed monitor_log.csv to origin/main.
[2026-06-22 15:32:12 EDT] Pushed monitor_log.csv to origin/main.
[2026-06-22 16:02:12 EDT] Pushed monitor_log.csv to origin/main.
[2026-06-23 09:32:05 EDT] Pushed monitor_log.csv to origin/main.
[2026-06-23 10:02:05 EDT] Pushed monitor_log.csv to origin/main.
[2026-06-23 10:32:05 EDT] Pushed monitor_log.csv to origin/main.
[2026-06-23 11:02:05 EDT] Pushed monitor_log.csv to origin/main.
[2026-06-23 11:32:06 EDT] Pushed monitor_log.csv to origin/main.
[2026-06-23 12:02:06 EDT] Pushed monitor_log.csv to origin/main.
[2026-06-23 12:32:06 EDT] Pushed monitor_log.csv to origin/main.
[2026-06-23 13:02:06 EDT] Pushed monitor_log.csv to origin/main.
[2026-06-23 13:32:05 EDT] Pushed monitor_log.csv to origin/main.
[2026-06-23 14:02:05 EDT] Pushed monitor_log.csv to origin/main.
[2026-06-23 14:32:06 EDT] Pushed monitor_log.csv to origin/main.
[2026-06-23 15:02:06 EDT] Pushed monitor_log.csv to origin/main.
[2026-06-23 15:32:06 EDT] Pushed monitor_log.csv to origin/main.
[2026-06-23 16:02:07 EDT] Pushed monitor_log.csv to origin/main.
[2026-06-24 09:32:17 EDT] Pushed monitor_log.csv to origin/main.
[2026-06-24 10:02:17 EDT] Pushed monitor_log.csv to origin/main.
[2026-06-24 10:32:18 EDT] Pushed monitor_log.csv to origin/main.
[2026-06-24 11:02:18 EDT] Pushed monitor_log.csv to origin/main.
[2026-06-24 11:32:18 EDT] Pushed monitor_log.csv to origin/main.
[2026-06-24 12:02:18 EDT] Pushed monitor_log.csv to origin/main.
[2026-06-24 12:32:19 EDT] Pushed monitor_log.csv to origin/main.
[2026-06-24 13:02:19 EDT] Pushed monitor_log.csv to origin/main.
[2026-06-24 13:32:19 EDT] Pushed monitor_log.csv to origin/main.
[2026-06-24 14:02:20 EDT] Pushed monitor_log.csv to origin/main.
[2026-06-24 14:32:20 EDT] Pushed monitor_log.csv to origin/main.
[2026-06-24 15:02:20 EDT] Pushed monitor_log.csv to origin/main.
[2026-06-24 15:32:20 EDT] Pushed monitor_log.csv to origin/main.
[2026-06-24 16:02:20 EDT] Pushed monitor_log.csv to origin/main.
[2026-06-25 09:32:03 EDT] Pushed monitor_log.csv to origin/main.
[2026-06-25 10:02:04 EDT] Pushed monitor_log.csv to origin/main.
[2026-06-25 10:32:04 EDT] Pushed monitor_log.csv to origin/main.
[2026-06-25 11:02:04 EDT] Pushed monitor_log.csv to origin/main.
[2026-06-25 11:32:04 EDT] Pushed monitor_log.csv to origin/main.
[2026-06-25 12:02:04 EDT] Pushed monitor_log.csv to origin/main.
[2026-06-25 12:32:05 EDT] Pushed monitor_log.csv to origin/main.
[2026-06-25 13:02:05 EDT] Pushed monitor_log.csv to origin/main.
[2026-06-25 13:32:05 EDT] Pushed monitor_log.csv to origin/main.
[2026-06-25 14:02:06 EDT] Pushed monitor_log.csv to origin/main.
[2026-06-25 14:32:06 EDT] Pushed monitor_log.csv to origin/main.
[2026-06-25 15:02:06 EDT] Pushed monitor_log.csv to origin/main.
[2026-06-25 15:32:06 EDT] Pushed monitor_log.csv to origin/main.
[2026-06-25 16:02:06 EDT] Pushed monitor_log.csv to origin/main.
[2026-06-26 09:32:03 EDT] Pushed monitor_log.csv to origin/main.
[2026-06-26 10:02:03 EDT] Pushed monitor_log.csv to origin/main.
[2026-06-26 10:32:03 EDT] Pushed monitor_log.csv to origin/main.
[2026-06-26 11:02:04 EDT] Pushed monitor_log.csv to origin/main.
[2026-06-26 11:32:04 EDT] Pushed monitor_log.csv to origin/main.
[2026-06-26 12:02:04 EDT] Pushed monitor_log.csv to origin/main.
[2026-06-26 12:32:04 EDT] Pushed monitor_log.csv to origin/main.
[2026-06-26 13:02:04 EDT] Pushed monitor_log.csv to origin/main.
[2026-06-26 13:32:04 EDT] Pushed monitor_log.csv to origin/main.
[2026-06-26 14:02:05 EDT] Pushed monitor_log.csv to origin/main.
[2026-06-26 14:32:05 EDT] Pushed monitor_log.csv to origin/main.
[2026-06-29 09:32:07 EDT] Pushed monitor_log.csv to origin/main.
[2026-06-29 10:02:08 EDT] Pushed monitor_log.csv to origin/main.
[2026-06-29 10:32:10 EDT] Pushed monitor_log.csv to origin/main.
[2026-06-29 11:02:09 EDT] Pushed monitor_log.csv to origin/main.
[2026-06-29 11:32:09 EDT] Pushed monitor_log.csv to origin/main.
[2026-06-29 12:02:09 EDT] Pushed monitor_log.csv to origin/main.
[2026-06-29 12:32:09 EDT] Pushed monitor_log.csv to origin/main.
[2026-06-29 13:02:10 EDT] Pushed monitor_log.csv to origin/main.
[2026-06-29 13:32:11 EDT] Pushed monitor_log.csv to origin/main.
[2026-06-29 14:02:11 EDT] Pushed monitor_log.csv to origin/main.
[2026-06-29 14:32:12 EDT] Pushed monitor_log.csv to origin/main.
[2026-06-29 15:02:12 EDT] Pushed monitor_log.csv to origin/main.
[2026-06-29 15:32:13 EDT] Pushed monitor_log.csv to origin/main.
[2026-06-29 16:02:13 EDT] Pushed monitor_log.csv to origin/main.
[2026-06-30 09:32:05 EDT] Pushed monitor_log.csv to origin/main.
[2026-06-30 10:02:05 EDT] Pushed monitor_log.csv to origin/main.
[2026-06-30 10:32:06 EDT] Pushed monitor_log.csv to origin/main.
[2026-06-30 11:02:07 EDT] Pushed monitor_log.csv to origin/main.
[2026-06-30 11:32:08 EDT] Pushed monitor_log.csv to origin/main.
[2026-06-30 12:02:08 EDT] Pushed monitor_log.csv to origin/main.
[2026-06-30 12:32:08 EDT] Pushed monitor_log.csv to origin/main.
[2026-06-30 13:02:08 EDT] Pushed monitor_log.csv to origin/main.
[2026-06-30 13:32:08 EDT] Pushed monitor_log.csv to origin/main.
[2026-06-30 14:02:09 EDT] Pushed monitor_log.csv to origin/main.
[2026-06-30 14:32:09 EDT] Pushed monitor_log.csv to origin/main.
[2026-06-30 15:02:10 EDT] Pushed monitor_log.csv to origin/main.
[2026-06-30 15:32:10 EDT] Pushed monitor_log.csv to origin/main.
[2026-06-30 16:02:10 EDT] Pushed monitor_log.csv to origin/main.
[2026-07-01 09:32:05 EDT] Pushed monitor_log.csv to origin/main.
[2026-07-01 10:02:05 EDT] Pushed monitor_log.csv to origin/main.
[2026-07-01 10:32:05 EDT] Pushed monitor_log.csv to origin/main.
[2026-07-01 11:02:06 EDT] Pushed monitor_log.csv to origin/main.
[2026-07-01 11:32:06 EDT] Pushed monitor_log.csv to origin/main.
[2026-07-01 12:02:06 EDT] Pushed monitor_log.csv to origin/main.
[2026-07-01 12:32:06 EDT] Pushed monitor_log.csv to origin/main.
[2026-07-01 13:02:07 EDT] Pushed monitor_log.csv to origin/main.
[2026-07-01 13:32:06 EDT] Pushed monitor_log.csv to origin/main.
[2026-07-01 14:02:06 EDT] Pushed monitor_log.csv to origin/main.
[2026-07-01 14:32:06 EDT] Pushed monitor_log.csv to origin/main.
[2026-07-01 15:02:07 EDT] Pushed monitor_log.csv to origin/main.
[2026-07-01 15:32:07 EDT] Pushed monitor_log.csv to origin/main.
[2026-07-01 16:02:07 EDT] Pushed monitor_log.csv to origin/main.
[2026-07-02 09:32:05 EDT] Pushed monitor_log.csv to origin/main.
[2026-07-02 10:02:05 EDT] Pushed monitor_log.csv to origin/main.
[2026-07-02 10:32:06 EDT] Pushed monitor_log.csv to origin/main.
[2026-07-02 11:02:05 EDT] Pushed monitor_log.csv to origin/main.
[2026-07-02 11:32:06 EDT] Pushed monitor_log.csv to origin/main.
[2026-07-02 12:02:06 EDT] Pushed monitor_log.csv to origin/main.
[2026-07-02 12:32:07 EDT] Pushed monitor_log.csv to origin/main.
[2026-07-02 13:02:07 EDT] Pushed monitor_log.csv to origin/main.
[2026-07-02 13:32:07 EDT] Pushed monitor_log.csv to origin/main.
[2026-07-02 14:02:08 EDT] Pushed monitor_log.csv to origin/main.
[2026-07-02 14:32:08 EDT] Pushed monitor_log.csv to origin/main.
[2026-07-02 15:02:09 EDT] Pushed monitor_log.csv to origin/main.
[2026-07-02 15:32:09 EDT] Pushed monitor_log.csv to origin/main.
[2026-07-02 16:02:09 EDT] Pushed monitor_log.csv to origin/main.
[2026-07-03 09:32:09 EDT] Pushed monitor_log.csv to origin/main.
[2026-07-03 10:02:09 EDT] Pushed monitor_log.csv to origin/main.
[2026-07-03 10:32:08 EDT] Pushed monitor_log.csv to origin/main.
[2026-07-03 11:02:09 EDT] Pushed monitor_log.csv to origin/main.
[2026-07-03 11:32:09 EDT] Pushed monitor_log.csv to origin/main.
[2026-07-03 12:02:10 EDT] Pushed monitor_log.csv to origin/main.
[2026-07-03 12:32:10 EDT] Pushed monitor_log.csv to origin/main.
[2026-07-03 13:02:11 EDT] Pushed monitor_log.csv to origin/main.
[2026-07-03 13:32:11 EDT] Pushed monitor_log.csv to origin/main.
[2026-07-03 14:02:11 EDT] Pushed monitor_log.csv to origin/main.
[2026-07-03 14:32:12 EDT] Pushed monitor_log.csv to origin/main.
[2026-07-03 15:02:12 EDT] Pushed monitor_log.csv to origin/main.
[2026-07-03 15:32:12 EDT] Pushed monitor_log.csv to origin/main.
[2026-07-03 16:02:13 EDT] Pushed monitor_log.csv to origin/main.
[2026-07-06 09:32:09 EDT] Pushed monitor_log.csv to origin/main.
[2026-07-06 10:02:10 EDT] Pushed monitor_log.csv to origin/main.
[2026-07-06 10:32:12 EDT] Pushed monitor_log.csv to origin/main.
[2026-07-06 11:02:11 EDT] Pushed monitor_log.csv to origin/main.
[2026-07-06 11:32:16 EDT] Pushed monitor_log.csv to origin/main.
[2026-07-06 12:02:11 EDT] Pushed monitor_log.csv to origin/main.
[2026-07-06 12:32:12 EDT] Pushed monitor_log.csv to origin/main.
[2026-07-06 13:02:12 EDT] Pushed monitor_log.csv to origin/main.
[2026-07-06 13:32:13 EDT] Pushed monitor_log.csv to origin/main.
[2026-07-06 14:02:13 EDT] Pushed monitor_log.csv to origin/main.
[2026-07-06 14:32:14 EDT] Pushed monitor_log.csv to origin/main.
[2026-07-06 15:02:14 EDT] Pushed monitor_log.csv to origin/main.
[2026-07-06 15:32:15 EDT] Pushed monitor_log.csv to origin/main.
[2026-07-06 16:02:15 EDT] Pushed monitor_log.csv to origin/main.
[2026-07-07 09:32:06 EDT] Pushed monitor_log.csv to origin/main.
[2026-07-07 10:02:07 EDT] Pushed monitor_log.csv to origin/main.
[2026-07-07 10:32:07 EDT] Pushed monitor_log.csv to origin/main.
[2026-07-07 11:02:08 EDT] Pushed monitor_log.csv to origin/main.
[2026-07-07 11:32:08 EDT] Pushed monitor_log.csv to origin/main.
[2026-07-07 12:02:08 EDT] Pushed monitor_log.csv to origin/main.
[2026-07-07 12:32:09 EDT] Pushed monitor_log.csv to origin/main.
[2026-07-07 13:02:09 EDT] Pushed monitor_log.csv to origin/main.
[2026-07-07 13:32:08 EDT] Pushed monitor_log.csv to origin/main.
[2026-07-07 14:02:09 EDT] Pushed monitor_log.csv to origin/main.
[2026-07-07 14:32:09 EDT] Pushed monitor_log.csv to origin/main.
[2026-07-07 15:02:09 EDT] Pushed monitor_log.csv to origin/main.
[2026-07-07 15:32:11 EDT] Pushed monitor_log.csv to origin/main.
[2026-07-07 16:02:11 EDT] Pushed monitor_log.csv to origin/main.
[2026-07-08 09:32:05 EDT] Pushed monitor_log.csv to origin/main.
[2026-07-08 10:02:05 EDT] Pushed monitor_log.csv to origin/main.
[2026-07-08 10:32:06 EDT] Pushed monitor_log.csv to origin/main.
[2026-07-08 11:02:07 EDT] Pushed monitor_log.csv to origin/main.
[2026-07-08 11:32:07 EDT] Pushed monitor_log.csv to origin/main.
[2026-07-08 12:02:07 EDT] Pushed monitor_log.csv to origin/main.
[2026-07-08 12:32:08 EDT] Pushed monitor_log.csv to origin/main.
[2026-07-08 13:02:08 EDT] Pushed monitor_log.csv to origin/main.
[2026-07-08 13:32:09 EDT] Pushed monitor_log.csv to origin/main.
[2026-07-08 14:02:09 EDT] Pushed monitor_log.csv to origin/main.
[2026-07-08 14:32:10 EDT] Pushed monitor_log.csv to origin/main.
[2026-07-08 15:02:11 EDT] Pushed monitor_log.csv to origin/main.
[2026-07-08 15:32:11 EDT] Pushed monitor_log.csv to origin/main.
[2026-07-08 16:02:12 EDT] Pushed monitor_log.csv to origin/main.
